<?xml version="1.0" encoding="UTF-8"?>
<testsuite xmlns:xsi="http://www.w3.org/2001/XMLSchema-instance" xsi:noNamespaceSchemaLocation="https://maven.apache.org/surefire/maven-surefire-plugin/xsd/surefire-test-report.xsd" name="com.udacity.vehicles.VehiclesApiApplicationTests" time="10.376" tests="1" errors="0" skipped="0" failures="0">
  <properties>
    <property name="java.specification.version" value="22"/>
    <property name="sun.jnu.encoding" value="UTF-8"/>
    <property name="java.class.path" value="/Users/jnavarro/Downloads/carWebsiteServerBackend/vehicles-api/target/test-classes:/Users/jnavarro/Downloads/carWebsiteServerBackend/vehicles-api/target/classes:/Users/jnavarro/.m2/repository/org/springframework/boot/spring-boot-starter-data-jpa/2.1.5.RELEASE/spring-boot-starter-data-jpa-2.1.5.RELEASE.jar:/Users/jnavarro/.m2/repository/org/springframework/boot/spring-boot-starter-aop/2.1.5.RELEASE/spring-boot-starter-aop-2.1.5.RELEASE.jar:/Users/jnavarro/.m2/repository/org/springframework/spring-aop/5.1.7.RELEASE/spring-aop-5.1.7.RELEASE.jar:/Users/jnavarro/.m2/repository/org/aspectj/aspectjweaver/1.9.4/aspectjweaver-1.9.4.jar:/Users/jnavarro/.m2/repository/org/springframework/boot/spring-boot-starter-jdbc/2.1.5.RELEASE/spring-boot-starter-jdbc-2.1.5.RELEASE.jar:/Users/jnavarro/.m2/repository/com/zaxxer/HikariCP/3.2.0/HikariCP-3.2.0.jar:/Users/jnavarro/.m2/repository/org/springframework/spring-jdbc/5.1.7.RELEASE/spring-jdbc-5.1.7.RELEASE.jar:/Users/jnavarro/.m2/repository/javax/transaction/javax.transaction-api/1.3/javax.transaction-api-1.3.jar:/Users/jnavarro/.m2/repository/javax/xml/bind/jaxb-api/2.3.1/jaxb-api-2.3.1.jar:/Users/jnavarro/.m2/repository/javax/activation/javax.activation-api/1.2.0/javax.activation-api-1.2.0.jar:/Users/jnavarro/.m2/repository/org/hibernate/hibernate-core/5.3.10.Final/hibernate-core-5.3.10.Final.jar:/Users/jnavarro/.m2/repository/org/jboss/logging/jboss-logging/3.3.2.Final/jboss-logging-3.3.2.Final.jar:/Users/jnavarro/.m2/repository/javax/persistence/javax.persistence-api/2.2/javax.persistence-api-2.2.jar:/Users/jnavarro/.m2/repository/org/javassist/javassist/3.23.2-GA/javassist-3.23.2-GA.jar:/Users/jnavarro/.m2/repository/net/bytebuddy/byte-buddy/1.9.12/byte-buddy-1.9.12.jar:/Users/jnavarro/.m2/repository/antlr/antlr/2.7.7/antlr-2.7.7.jar:/Users/jnavarro/.m2/repository/org/jboss/jandex/2.0.5.Final/jandex-2.0.5.Final.jar:/Users/jnavarro/.m2/repository/org/dom4j/dom4j/2.1.1/dom4j-2.1.1.jar:/Users/jnavarro/.m2/repository/org/hibernate/common/hibernate-commons-annotations/5.0.4.Final/hibernate-commons-annotations-5.0.4.Final.jar:/Users/jnavarro/.m2/repository/org/springframework/data/spring-data-jpa/2.1.8.RELEASE/spring-data-jpa-2.1.8.RELEASE.jar:/Users/jnavarro/.m2/repository/org/springframework/data/spring-data-commons/2.1.8.RELEASE/spring-data-commons-2.1.8.RELEASE.jar:/Users/jnavarro/.m2/repository/org/springframework/spring-orm/5.1.7.RELEASE/spring-orm-5.1.7.RELEASE.jar:/Users/jnavarro/.m2/repository/org/springframework/spring-context/5.1.7.RELEASE/spring-context-5.1.7.RELEASE.jar:/Users/jnavarro/.m2/repository/org/springframework/spring-tx/5.1.7.RELEASE/spring-tx-5.1.7.RELEASE.jar:/Users/jnavarro/.m2/repository/org/springframework/spring-beans/5.1.7.RELEASE/spring-beans-5.1.7.RELEASE.jar:/Users/jnavarro/.m2/repository/org/springframework/spring-aspects/5.1.7.RELEASE/spring-aspects-5.1.7.RELEASE.jar:/Users/jnavarro/.m2/repository/org/springframework/boot/spring-boot-starter-validation/2.1.5.RELEASE/spring-boot-starter-validation-2.1.5.RELEASE.jar:/Users/jnavarro/.m2/repository/org/springframework/boot/spring-boot-starter/2.1.5.RELEASE/spring-boot-starter-2.1.5.RELEASE.jar:/Users/jnavarro/.m2/repository/org/springframework/boot/spring-boot-starter-logging/2.1.5.RELEASE/spring-boot-starter-logging-2.1.5.RELEASE.jar:/Users/jnavarro/.m2/repository/ch/qos/logback/logback-classic/1.2.3/logback-classic-1.2.3.jar:/Users/jnavarro/.m2/repository/ch/qos/logback/logback-core/1.2.3/logback-core-1.2.3.jar:/Users/jnavarro/.m2/repository/org/apache/logging/log4j/log4j-to-slf4j/2.11.2/log4j-to-slf4j-2.11.2.jar:/Users/jnavarro/.m2/repository/org/apache/logging/log4j/log4j-api/2.11.2/log4j-api-2.11.2.jar:/Users/jnavarro/.m2/repository/org/slf4j/jul-to-slf4j/1.7.26/jul-to-slf4j-1.7.26.jar:/Users/jnavarro/.m2/repository/org/yaml/snakeyaml/1.23/snakeyaml-1.23.jar:/Users/jnavarro/.m2/repository/org/apache/tomcat/embed/tomcat-embed-el/9.0.19/tomcat-embed-el-9.0.19.jar:/Users/jnavarro/.m2/repository/org/hibernate/validator/hibernate-validator/6.0.16.Final/hibernate-validator-6.0.16.Final.jar:/Users/jnavarro/.m2/repository/org/springframework/boot/spring-boot-starter-web/2.1.5.RELEASE/spring-boot-starter-web-2.1.5.RELEASE.jar:/Users/jnavarro/.m2/repository/org/springframework/boot/spring-boot-starter-json/2.1.5.RELEASE/spring-boot-starter-json-2.1.5.RELEASE.jar:/Users/jnavarro/.m2/repository/com/fasterxml/jackson/core/jackson-databind/2.9.8/jackson-databind-2.9.8.jar:/Users/jnavarro/.m2/repository/com/fasterxml/jackson/core/jackson-core/2.9.8/jackson-core-2.9.8.jar:/Users/jnavarro/.m2/repository/com/fasterxml/jackson/datatype/jackson-datatype-jdk8/2.9.8/jackson-datatype-jdk8-2.9.8.jar:/Users/jnavarro/.m2/repository/com/fasterxml/jackson/datatype/jackson-datatype-jsr310/2.9.8/jackson-datatype-jsr310-2.9.8.jar:/Users/jnavarro/.m2/repository/com/fasterxml/jackson/module/jackson-module-parameter-names/2.9.8/jackson-module-parameter-names-2.9.8.jar:/Users/jnavarro/.m2/repository/org/springframework/boot/spring-boot-starter-tomcat/2.1.5.RELEASE/spring-boot-starter-tomcat-2.1.5.RELEASE.jar:/Users/jnavarro/.m2/repository/org/apache/tomcat/embed/tomcat-embed-core/9.0.19/tomcat-embed-core-9.0.19.jar:/Users/jnavarro/.m2/repository/org/apache/tomcat/embed/tomcat-embed-websocket/9.0.19/tomcat-embed-websocket-9.0.19.jar:/Users/jnavarro/.m2/repository/org/springframework/spring-web/5.1.7.RELEASE/spring-web-5.1.7.RELEASE.jar:/Users/jnavarro/.m2/repository/org/springframework/spring-webmvc/5.1.7.RELEASE/spring-webmvc-5.1.7.RELEASE.jar:/Users/jnavarro/.m2/repository/org/springframework/spring-expression/5.1.7.RELEASE/spring-expression-5.1.7.RELEASE.jar:/Users/jnavarro/.m2/repository/org/springframework/boot/spring-boot-starter-hateoas/2.1.5.RELEASE/spring-boot-starter-hateoas-2.1.5.RELEASE.jar:/Users/jnavarro/.m2/repository/org/springframework/hateoas/spring-hateoas/0.25.1.RELEASE/spring-hateoas-0.25.1.RELEASE.jar:/Users/jnavarro/.m2/repository/org/springframework/plugin/spring-plugin-core/1.2.0.RELEASE/spring-plugin-core-1.2.0.RELEASE.jar:/Users/jnavarro/.m2/repository/org/springframework/boot/spring-boot-devtools/2.1.5.RELEASE/spring-boot-devtools-2.1.5.RELEASE.jar:/Users/jnavarro/.m2/repository/org/springframework/boot/spring-boot/2.1.5.RELEASE/spring-boot-2.1.5.RELEASE.jar:/Users/jnavarro/.m2/repository/org/springframework/boot/spring-boot-autoconfigure/2.1.5.RELEASE/spring-boot-autoconfigure-2.1.5.RELEASE.jar:/Users/jnavarro/.m2/repository/com/h2database/h2/1.4.199/h2-1.4.199.jar:/Users/jnavarro/.m2/repository/org/apache/cxf/cxf-spring-boot-starter-jaxws/3.3.2/cxf-spring-boot-starter-jaxws-3.3.2.jar:/Users/jnavarro/.m2/repository/org/apache/cxf/cxf-spring-boot-autoconfigure/3.3.2/cxf-spring-boot-autoconfigure-3.3.2.jar:/Users/jnavarro/.m2/repository/org/apache/cxf/cxf-rt-transports-http/3.3.2/cxf-rt-transports-http-3.3.2.jar:/Users/jnavarro/.m2/repository/org/apache/cxf/cxf-core/3.3.2/cxf-core-3.3.2.jar:/Users/jnavarro/.m2/repository/org/apache/ws/xmlschema/xmlschema-core/2.2.4/xmlschema-core-2.2.4.jar:/Users/jnavarro/.m2/repository/org/glassfish/jaxb/jaxb-xjc/2.3.1/jaxb-xjc-2.3.1.jar:/Users/jnavarro/.m2/repository/org/glassfish/jaxb/xsom/2.3.1/xsom-2.3.1.jar:/Users/jnavarro/.m2/repository/org/glassfish/jaxb/codemodel/2.3.1/codemodel-2.3.1.jar:/Users/jnavarro/.m2/repository/com/sun/xml/bind/external/rngom/2.3.1/rngom-2.3.1.jar:/Users/jnavarro/.m2/repository/com/sun/xml/dtd-parser/dtd-parser/1.4/dtd-parser-1.4.jar:/Users/jnavarro/.m2/repository/com/sun/istack/istack-commons-tools/3.0.7/istack-commons-tools-3.0.7.jar:/Users/jnavarro/.m2/repository/org/apache/ant/ant/1.10.2/ant-1.10.2.jar:/Users/jnavarro/.m2/repository/org/apache/ant/ant-launcher/1.10.2/ant-launcher-1.10.2.jar:/Users/jnavarro/.m2/repository/com/sun/xml/bind/external/relaxng-datatype/2.3.1/relaxng-datatype-2.3.1.jar:/Users/jnavarro/.m2/repository/org/apache/cxf/cxf-rt-frontend-jaxws/3.3.2/cxf-rt-frontend-jaxws-3.3.2.jar:/Users/jnavarro/.m2/repository/xml-resolver/xml-resolver/1.2/xml-resolver-1.2.jar:/Users/jnavarro/.m2/repository/org/ow2/asm/asm/7.0/asm-7.0.jar:/Users/jnavarro/.m2/repository/org/apache/cxf/cxf-rt-bindings-soap/3.3.2/cxf-rt-bindings-soap-3.3.2.jar:/Users/jnavarro/.m2/repository/org/apache/cxf/cxf-rt-wsdl/3.3.2/cxf-rt-wsdl-3.3.2.jar:/Users/jnavarro/.m2/repository/wsdl4j/wsdl4j/1.6.3/wsdl4j-1.6.3.jar:/Users/jnavarro/.m2/repository/org/apache/cxf/cxf-rt-databinding-jaxb/3.3.2/cxf-rt-databinding-jaxb-3.3.2.jar:/Users/jnavarro/.m2/repository/org/apache/cxf/cxf-rt-bindings-xml/3.3.2/cxf-rt-bindings-xml-3.3.2.jar:/Users/jnavarro/.m2/repository/org/apache/cxf/cxf-rt-frontend-simple/3.3.2/cxf-rt-frontend-simple-3.3.2.jar:/Users/jnavarro/.m2/repository/org/apache/cxf/cxf-rt-ws-addr/3.3.2/cxf-rt-ws-addr-3.3.2.jar:/Users/jnavarro/.m2/repository/org/apache/cxf/cxf-rt-ws-policy/3.3.2/cxf-rt-ws-policy-3.3.2.jar:/Users/jnavarro/.m2/repository/org/apache/neethi/neethi/3.1.1/neethi-3.1.1.jar:/Users/jnavarro/.m2/repository/javax/validation/validation-api/2.0.1.Final/validation-api-2.0.1.Final.jar:/Users/jnavarro/.m2/repository/javax/annotation/javax.annotation-api/1.3.2/javax.annotation-api-1.3.2.jar:/Users/jnavarro/.m2/repository/javax/xml/ws/jaxws-api/2.3.1/jaxws-api-2.3.1.jar:/Users/jnavarro/.m2/repository/javax/xml/soap/javax.xml.soap-api/1.4.0/javax.xml.soap-api-1.4.0.jar:/Users/jnavarro/.m2/repository/com/sun/activation/javax.activation/1.2.0/javax.activation-1.2.0.jar:/Users/jnavarro/.m2/repository/org/apache/geronimo/specs/geronimo-ws-metadata_2.0_spec/1.1.3/geronimo-ws-metadata_2.0_spec-1.1.3.jar:/Users/jnavarro/.m2/repository/com/sun/xml/messaging/saaj/saaj-impl/1.5.0/saaj-impl-1.5.0.jar:/Users/jnavarro/.m2/repository/org/jacorb/jacorb-omgapi/3.7/jacorb-omgapi-3.7.jar:/Users/jnavarro/.m2/repository/org/apache/geronimo/specs/geronimo-jta_1.1_spec/1.1.1/geronimo-jta_1.1_spec-1.1.1.jar:/Users/jnavarro/.m2/repository/org/jboss/spec/javax/rmi/jboss-rmi-api_1.0_spec/1.0.6.Final/jboss-rmi-api_1.0_spec-1.0.6.Final.jar:/Users/jnavarro/.m2/repository/jakarta/xml/bind/jakarta.xml.bind-api/2.3.2/jakarta.xml.bind-api-2.3.2.jar:/Users/jnavarro/.m2/repository/jakarta/xml/ws/jakarta.xml.ws-api/2.3.2/jakarta.xml.ws-api-2.3.2.jar:/Users/jnavarro/.m2/repository/jakarta/xml/soap/jakarta.xml.soap-api/1.4.1/jakarta.xml.soap-api-1.4.1.jar:/Users/jnavarro/.m2/repository/jakarta/annotation/jakarta.annotation-api/1.3.4/jakarta.annotation-api-1.3.4.jar:/Users/jnavarro/.m2/repository/jakarta/jws/jakarta.jws-api/1.1.1/jakarta.jws-api-1.1.1.jar:/Users/jnavarro/.m2/repository/org/glassfish/jaxb/jaxb-runtime/2.3.1/jaxb-runtime-2.3.1.jar:/Users/jnavarro/.m2/repository/org/glassfish/jaxb/txw2/2.3.1/txw2-2.3.1.jar:/Users/jnavarro/.m2/repository/com/sun/istack/istack-commons-runtime/3.0.7/istack-commons-runtime-3.0.7.jar:/Users/jnavarro/.m2/repository/com/sun/xml/ws/policy/2.7.6/policy-2.7.6.jar:/Users/jnavarro/.m2/repository/org/glassfish/gmbal/gmbal/4.0.0/gmbal-4.0.0.jar:/Users/jnavarro/.m2/repository/org/glassfish/external/management-api/3.2.1/management-api-3.2.1.jar:/Users/jnavarro/.m2/repository/org/glassfish/pfl/pfl-basic/4.0.1/pfl-basic-4.0.1.jar:/Users/jnavarro/.m2/repository/org/glassfish/pfl/pfl-tf/4.0.1/pfl-tf-4.0.1.jar:/Users/jnavarro/.m2/repository/org/glassfish/pfl/pfl-asm/4.0.1/pfl-asm-4.0.1.jar:/Users/jnavarro/.m2/repository/org/glassfish/pfl/pfl-dynamic/4.0.1/pfl-dynamic-4.0.1.jar:/Users/jnavarro/.m2/repository/org/glassfish/pfl/pfl-basic-tools/4.0.1/pfl-basic-tools-4.0.1.jar:/Users/jnavarro/.m2/repository/org/glassfish/pfl/pfl-tf-tools/4.0.1/pfl-tf-tools-4.0.1.jar:/Users/jnavarro/.m2/repository/org/jvnet/staxex/stax-ex/1.8.1/stax-ex-1.8.1.jar:/Users/jnavarro/.m2/repository/com/sun/xml/stream/buffer/streambuffer/1.5.7/streambuffer-1.5.7.jar:/Users/jnavarro/.m2/repository/org/jvnet/mimepull/mimepull/1.9.11/mimepull-1.9.11.jar:/Users/jnavarro/.m2/repository/com/sun/xml/fastinfoset/FastInfoset/1.2.16/FastInfoset-1.2.16.jar:/Users/jnavarro/.m2/repository/org/glassfish/ha/ha-api/3.1.12/ha-api-3.1.12.jar:/Users/jnavarro/.m2/repository/com/fasterxml/woodstox/woodstox-core/5.1.0/woodstox-core-5.1.0.jar:/Users/jnavarro/.m2/repository/org/codehaus/woodstox/stax2-api/4.1/stax2-api-4.1.jar:/Users/jnavarro/.m2/repository/jakarta/activation/jakarta.activation-api/1.2.1/jakarta.activation-api-1.2.1.jar:/Users/jnavarro/.m2/repository/javax/activation/activation/1.1.1/activation-1.1.1.jar:/Users/jnavarro/.m2/repository/org/springframework/boot/spring-boot-starter-webflux/2.1.5.RELEASE/spring-boot-starter-webflux-2.1.5.RELEASE.jar:/Users/jnavarro/.m2/repository/org/springframework/boot/spring-boot-starter-reactor-netty/2.1.5.RELEASE/spring-boot-starter-reactor-netty-2.1.5.RELEASE.jar:/Users/jnavarro/.m2/repository/io/projectreactor/netty/reactor-netty/0.8.8.RELEASE/reactor-netty-0.8.8.RELEASE.jar:/Users/jnavarro/.m2/repository/io/netty/netty-codec-http/4.1.36.Final/netty-codec-http-4.1.36.Final.jar:/Users/jnavarro/.m2/repository/io/netty/netty-common/4.1.36.Final/netty-common-4.1.36.Final.jar:/Users/jnavarro/.m2/repository/io/netty/netty-buffer/4.1.36.Final/netty-buffer-4.1.36.Final.jar:/Users/jnavarro/.m2/repository/io/netty/netty-transport/4.1.36.Final/netty-transport-4.1.36.Final.jar:/Users/jnavarro/.m2/repository/io/netty/netty-resolver/4.1.36.Final/netty-resolver-4.1.36.Final.jar:/Users/jnavarro/.m2/repository/io/netty/netty-codec/4.1.36.Final/netty-codec-4.1.36.Final.jar:/Users/jnavarro/.m2/repository/io/netty/netty-codec-http2/4.1.36.Final/netty-codec-http2-4.1.36.Final.jar:/Users/jnavarro/.m2/repository/io/netty/netty-handler/4.1.36.Final/netty-handler-4.1.36.Final.jar:/Users/jnavarro/.m2/repository/io/netty/netty-handler-proxy/4.1.36.Final/netty-handler-proxy-4.1.36.Final.jar:/Users/jnavarro/.m2/repository/io/netty/netty-codec-socks/4.1.36.Final/netty-codec-socks-4.1.36.Final.jar:/Users/jnavarro/.m2/repository/io/netty/netty-transport-native-epoll/4.1.36.Final/netty-transport-native-epoll-4.1.36.Final-linux-x86_64.jar:/Users/jnavarro/.m2/repository/io/netty/netty-transport-native-unix-common/4.1.36.Final/netty-transport-native-unix-common-4.1.36.Final.jar:/Users/jnavarro/.m2/repository/org/glassfish/javax.el/3.0.0/javax.el-3.0.0.jar:/Users/jnavarro/.m2/repository/org/springframework/spring-webflux/5.1.7.RELEASE/spring-webflux-5.1.7.RELEASE.jar:/Users/jnavarro/.m2/repository/io/projectreactor/reactor-core/3.2.9.RELEASE/reactor-core-3.2.9.RELEASE.jar:/Users/jnavarro/.m2/repository/org/reactivestreams/reactive-streams/1.0.2/reactive-streams-1.0.2.jar:/Users/jnavarro/.m2/repository/org/synchronoss/cloud/nio-multipart-parser/1.1.0/nio-multipart-parser-1.1.0.jar:/Users/jnavarro/.m2/repository/org/synchronoss/cloud/nio-stream-storage/1.1.3/nio-stream-storage-1.1.3.jar:/Users/jnavarro/.m2/repository/org/modelmapper/modelmapper/2.3.2/modelmapper-2.3.2.jar:/Users/jnavarro/.m2/repository/org/springframework/boot/spring-boot-starter-test/2.1.5.RELEASE/spring-boot-starter-test-2.1.5.RELEASE.jar:/Users/jnavarro/.m2/repository/org/springframework/boot/spring-boot-test/2.1.5.RELEASE/spring-boot-test-2.1.5.RELEASE.jar:/Users/jnavarro/.m2/repository/org/springframework/boot/spring-boot-test-autoconfigure/2.1.5.RELEASE/spring-boot-test-autoconfigure-2.1.5.RELEASE.jar:/Users/jnavarro/.m2/repository/com/jayway/jsonpath/json-path/2.4.0/json-path-2.4.0.jar:/Users/jnavarro/.m2/repository/net/minidev/json-smart/2.3/json-smart-2.3.jar:/Users/jnavarro/.m2/repository/net/minidev/accessors-smart/1.2/accessors-smart-1.2.jar:/Users/jnavarro/.m2/repository/junit/junit/4.12/junit-4.12.jar:/Users/jnavarro/.m2/repository/org/assertj/assertj-core/3.11.1/assertj-core-3.11.1.jar:/Users/jnavarro/.m2/repository/org/mockito/mockito-core/2.23.4/mockito-core-2.23.4.jar:/Users/jnavarro/.m2/repository/net/bytebuddy/byte-buddy-agent/1.9.12/byte-buddy-agent-1.9.12.jar:/Users/jnavarro/.m2/repository/org/objenesis/objenesis/2.6/objenesis-2.6.jar:/Users/jnavarro/.m2/repository/org/hamcrest/hamcrest-core/1.3/hamcrest-core-1.3.jar:/Users/jnavarro/.m2/repository/org/hamcrest/hamcrest-library/1.3/hamcrest-library-1.3.jar:/Users/jnavarro/.m2/repository/org/skyscreamer/jsonassert/1.5.0/jsonassert-1.5.0.jar:/Users/jnavarro/.m2/repository/com/vaadin/external/google/android-json/0.0.20131108.vaadin1/android-json-0.0.20131108.vaadin1.jar:/Users/jnavarro/.m2/repository/org/springframework/spring-core/5.1.7.RELEASE/spring-core-5.1.7.RELEASE.jar:/Users/jnavarro/.m2/repository/org/springframework/spring-jcl/5.1.7.RELEASE/spring-jcl-5.1.7.RELEASE.jar:/Users/jnavarro/.m2/repository/org/springframework/spring-test/5.1.7.RELEASE/spring-test-5.1.7.RELEASE.jar:/Users/jnavarro/.m2/repository/org/xmlunit/xmlunit-core/2.6.2/xmlunit-core-2.6.2.jar:/Users/jnavarro/.m2/repository/io/springfox/springfox-swagger-ui/2.9.2/springfox-swagger-ui-2.9.2.jar:/Users/jnavarro/.m2/repository/io/springfox/springfox-spring-web/2.9.2/springfox-spring-web-2.9.2.jar:/Users/jnavarro/.m2/repository/io/springfox/springfox-swagger2/2.9.2/springfox-swagger2-2.9.2.jar:/Users/jnavarro/.m2/repository/io/swagger/swagger-annotations/1.5.20/swagger-annotations-1.5.20.jar:/Users/jnavarro/.m2/repository/io/swagger/swagger-models/1.5.20/swagger-models-1.5.20.jar:/Users/jnavarro/.m2/repository/com/fasterxml/jackson/core/jackson-annotations/2.9.0/jackson-annotations-2.9.0.jar:/Users/jnavarro/.m2/repository/io/springfox/springfox-spi/2.9.2/springfox-spi-2.9.2.jar:/Users/jnavarro/.m2/repository/io/springfox/springfox-core/2.9.2/springfox-core-2.9.2.jar:/Users/jnavarro/.m2/repository/io/springfox/springfox-schema/2.9.2/springfox-schema-2.9.2.jar:/Users/jnavarro/.m2/repository/io/springfox/springfox-swagger-common/2.9.2/springfox-swagger-common-2.9.2.jar:/Users/jnavarro/.m2/repository/com/google/guava/guava/20.0/guava-20.0.jar:/Users/jnavarro/.m2/repository/com/fasterxml/classmate/1.4.0/classmate-1.4.0.jar:/Users/jnavarro/.m2/repository/org/slf4j/slf4j-api/1.7.26/slf4j-api-1.7.26.jar:/Users/jnavarro/.m2/repository/org/springframework/plugin/spring-plugin-metadata/1.2.0.RELEASE/spring-plugin-metadata-1.2.0.RELEASE.jar:/Users/jnavarro/.m2/repository/org/mapstruct/mapstruct/1.2.0.Final/mapstruct-1.2.0.Final.jar:"/>
    <property name="java.vm.vendor" value="Homebrew"/>
    <property name="sun.arch.data.model" value="64"/>
    <property name="java.vendor.url" value="https://github.com/Homebrew/homebrew-core/issues"/>
    <property name="os.name" value="Mac OS X"/>
    <property name="java.vm.specification.version" value="22"/>
    <property name="sun.java.launcher" value="SUN_STANDARD"/>
    <property name="user.country" value="US"/>
    <property name="sun.boot.library.path" value="/usr/local/Cellar/openjdk/22.0.2/libexec/openjdk.jdk/Contents/Home/lib"/>
    <property name="sun.java.command" value="/Users/jnavarro/Downloads/carWebsiteServerBackend/vehicles-api/target/surefire/surefirebooter12198071153698978514.jar /Users/jnavarro/Downloads/carWebsiteServerBackend/vehicles-api/target/surefire 2024-07-30T11-55-52_722-jvmRun1 surefire15781427880177927162tmp surefire_017027460003862169485tmp"/>
    <property name="http.nonProxyHosts" value="local|*.local|169.254/16|*.169.254/16"/>
    <property name="jdk.debug" value="release"/>
    <property name="surefire.test.class.path" value="/Users/jnavarro/Downloads/carWebsiteServerBackend/vehicles-api/target/test-classes:/Users/jnavarro/Downloads/carWebsiteServerBackend/vehicles-api/target/classes:/Users/jnavarro/.m2/repository/org/springframework/boot/spring-boot-starter-data-jpa/2.1.5.RELEASE/spring-boot-starter-data-jpa-2.1.5.RELEASE.jar:/Users/jnavarro/.m2/repository/org/springframework/boot/spring-boot-starter-aop/2.1.5.RELEASE/spring-boot-starter-aop-2.1.5.RELEASE.jar:/Users/jnavarro/.m2/repository/org/springframework/spring-aop/5.1.7.RELEASE/spring-aop-5.1.7.RELEASE.jar:/Users/jnavarro/.m2/repository/org/aspectj/aspectjweaver/1.9.4/aspectjweaver-1.9.4.jar:/Users/jnavarro/.m2/repository/org/springframework/boot/spring-boot-starter-jdbc/2.1.5.RELEASE/spring-boot-starter-jdbc-2.1.5.RELEASE.jar:/Users/jnavarro/.m2/repository/com/zaxxer/HikariCP/3.2.0/HikariCP-3.2.0.jar:/Users/jnavarro/.m2/repository/org/springframework/spring-jdbc/5.1.7.RELEASE/spring-jdbc-5.1.7.RELEASE.jar:/Users/jnavarro/.m2/repository/javax/transaction/javax.transaction-api/1.3/javax.transaction-api-1.3.jar:/Users/jnavarro/.m2/repository/javax/xml/bind/jaxb-api/2.3.1/jaxb-api-2.3.1.jar:/Users/jnavarro/.m2/repository/javax/activation/javax.activation-api/1.2.0/javax.activation-api-1.2.0.jar:/Users/jnavarro/.m2/repository/org/hibernate/hibernate-core/5.3.10.Final/hibernate-core-5.3.10.Final.jar:/Users/jnavarro/.m2/repository/org/jboss/logging/jboss-logging/3.3.2.Final/jboss-logging-3.3.2.Final.jar:/Users/jnavarro/.m2/repository/javax/persistence/javax.persistence-api/2.2/javax.persistence-api-2.2.jar:/Users/jnavarro/.m2/repository/org/javassist/javassist/3.23.2-GA/javassist-3.23.2-GA.jar:/Users/jnavarro/.m2/repository/net/bytebuddy/byte-buddy/1.9.12/byte-buddy-1.9.12.jar:/Users/jnavarro/.m2/repository/antlr/antlr/2.7.7/antlr-2.7.7.jar:/Users/jnavarro/.m2/repository/org/jboss/jandex/2.0.5.Final/jandex-2.0.5.Final.jar:/Users/jnavarro/.m2/repository/org/dom4j/dom4j/2.1.1/dom4j-2.1.1.jar:/Users/jnavarro/.m2/repository/org/hibernate/common/hibernate-commons-annotations/5.0.4.Final/hibernate-commons-annotations-5.0.4.Final.jar:/Users/jnavarro/.m2/repository/org/springframework/data/spring-data-jpa/2.1.8.RELEASE/spring-data-jpa-2.1.8.RELEASE.jar:/Users/jnavarro/.m2/repository/org/springframework/data/spring-data-commons/2.1.8.RELEASE/spring-data-commons-2.1.8.RELEASE.jar:/Users/jnavarro/.m2/repository/org/springframework/spring-orm/5.1.7.RELEASE/spring-orm-5.1.7.RELEASE.jar:/Users/jnavarro/.m2/repository/org/springframework/spring-context/5.1.7.RELEASE/spring-context-5.1.7.RELEASE.jar:/Users/jnavarro/.m2/repository/org/springframework/spring-tx/5.1.7.RELEASE/spring-tx-5.1.7.RELEASE.jar:/Users/jnavarro/.m2/repository/org/springframework/spring-beans/5.1.7.RELEASE/spring-beans-5.1.7.RELEASE.jar:/Users/jnavarro/.m2/repository/org/springframework/spring-aspects/5.1.7.RELEASE/spring-aspects-5.1.7.RELEASE.jar:/Users/jnavarro/.m2/repository/org/springframework/boot/spring-boot-starter-validation/2.1.5.RELEASE/spring-boot-starter-validation-2.1.5.RELEASE.jar:/Users/jnavarro/.m2/repository/org/springframework/boot/spring-boot-starter/2.1.5.RELEASE/spring-boot-starter-2.1.5.RELEASE.jar:/Users/jnavarro/.m2/repository/org/springframework/boot/spring-boot-starter-logging/2.1.5.RELEASE/spring-boot-starter-logging-2.1.5.RELEASE.jar:/Users/jnavarro/.m2/repository/ch/qos/logback/logback-classic/1.2.3/logback-classic-1.2.3.jar:/Users/jnavarro/.m2/repository/ch/qos/logback/logback-core/1.2.3/logback-core-1.2.3.jar:/Users/jnavarro/.m2/repository/org/apache/logging/log4j/log4j-to-slf4j/2.11.2/log4j-to-slf4j-2.11.2.jar:/Users/jnavarro/.m2/repository/org/apache/logging/log4j/log4j-api/2.11.2/log4j-api-2.11.2.jar:/Users/jnavarro/.m2/repository/org/slf4j/jul-to-slf4j/1.7.26/jul-to-slf4j-1.7.26.jar:/Users/jnavarro/.m2/repository/org/yaml/snakeyaml/1.23/snakeyaml-1.23.jar:/Users/jnavarro/.m2/repository/org/apache/tomcat/embed/tomcat-embed-el/9.0.19/tomcat-embed-el-9.0.19.jar:/Users/jnavarro/.m2/repository/org/hibernate/validator/hibernate-validator/6.0.16.Final/hibernate-validator-6.0.16.Final.jar:/Users/jnavarro/.m2/repository/org/springframework/boot/spring-boot-starter-web/2.1.5.RELEASE/spring-boot-starter-web-2.1.5.RELEASE.jar:/Users/jnavarro/.m2/repository/org/springframework/boot/spring-boot-starter-json/2.1.5.RELEASE/spring-boot-starter-json-2.1.5.RELEASE.jar:/Users/jnavarro/.m2/repository/com/fasterxml/jackson/core/jackson-databind/2.9.8/jackson-databind-2.9.8.jar:/Users/jnavarro/.m2/repository/com/fasterxml/jackson/core/jackson-core/2.9.8/jackson-core-2.9.8.jar:/Users/jnavarro/.m2/repository/com/fasterxml/jackson/datatype/jackson-datatype-jdk8/2.9.8/jackson-datatype-jdk8-2.9.8.jar:/Users/jnavarro/.m2/repository/com/fasterxml/jackson/datatype/jackson-datatype-jsr310/2.9.8/jackson-datatype-jsr310-2.9.8.jar:/Users/jnavarro/.m2/repository/com/fasterxml/jackson/module/jackson-module-parameter-names/2.9.8/jackson-module-parameter-names-2.9.8.jar:/Users/jnavarro/.m2/repository/org/springframework/boot/spring-boot-starter-tomcat/2.1.5.RELEASE/spring-boot-starter-tomcat-2.1.5.RELEASE.jar:/Users/jnavarro/.m2/repository/org/apache/tomcat/embed/tomcat-embed-core/9.0.19/tomcat-embed-core-9.0.19.jar:/Users/jnavarro/.m2/repository/org/apache/tomcat/embed/tomcat-embed-websocket/9.0.19/tomcat-embed-websocket-9.0.19.jar:/Users/jnavarro/.m2/repository/org/springframework/spring-web/5.1.7.RELEASE/spring-web-5.1.7.RELEASE.jar:/Users/jnavarro/.m2/repository/org/springframework/spring-webmvc/5.1.7.RELEASE/spring-webmvc-5.1.7.RELEASE.jar:/Users/jnavarro/.m2/repository/org/springframework/spring-expression/5.1.7.RELEASE/spring-expression-5.1.7.RELEASE.jar:/Users/jnavarro/.m2/repository/org/springframework/boot/spring-boot-starter-hateoas/2.1.5.RELEASE/spring-boot-starter-hateoas-2.1.5.RELEASE.jar:/Users/jnavarro/.m2/repository/org/springframework/hateoas/spring-hateoas/0.25.1.RELEASE/spring-hateoas-0.25.1.RELEASE.jar:/Users/jnavarro/.m2/repository/org/springframework/plugin/spring-plugin-core/1.2.0.RELEASE/spring-plugin-core-1.2.0.RELEASE.jar:/Users/jnavarro/.m2/repository/org/springframework/boot/spring-boot-devtools/2.1.5.RELEASE/spring-boot-devtools-2.1.5.RELEASE.jar:/Users/jnavarro/.m2/repository/org/springframework/boot/spring-boot/2.1.5.RELEASE/spring-boot-2.1.5.RELEASE.jar:/Users/jnavarro/.m2/repository/org/springframework/boot/spring-boot-autoconfigure/2.1.5.RELEASE/spring-boot-autoconfigure-2.1.5.RELEASE.jar:/Users/jnavarro/.m2/repository/com/h2database/h2/1.4.199/h2-1.4.199.jar:/Users/jnavarro/.m2/repository/org/apache/cxf/cxf-spring-boot-starter-jaxws/3.3.2/cxf-spring-boot-starter-jaxws-3.3.2.jar:/Users/jnavarro/.m2/repository/org/apache/cxf/cxf-spring-boot-autoconfigure/3.3.2/cxf-spring-boot-autoconfigure-3.3.2.jar:/Users/jnavarro/.m2/repository/org/apache/cxf/cxf-rt-transports-http/3.3.2/cxf-rt-transports-http-3.3.2.jar:/Users/jnavarro/.m2/repository/org/apache/cxf/cxf-core/3.3.2/cxf-core-3.3.2.jar:/Users/jnavarro/.m2/repository/org/apache/ws/xmlschema/xmlschema-core/2.2.4/xmlschema-core-2.2.4.jar:/Users/jnavarro/.m2/repository/org/glassfish/jaxb/jaxb-xjc/2.3.1/jaxb-xjc-2.3.1.jar:/Users/jnavarro/.m2/repository/org/glassfish/jaxb/xsom/2.3.1/xsom-2.3.1.jar:/Users/jnavarro/.m2/repository/org/glassfish/jaxb/codemodel/2.3.1/codemodel-2.3.1.jar:/Users/jnavarro/.m2/repository/com/sun/xml/bind/external/rngom/2.3.1/rngom-2.3.1.jar:/Users/jnavarro/.m2/repository/com/sun/xml/dtd-parser/dtd-parser/1.4/dtd-parser-1.4.jar:/Users/jnavarro/.m2/repository/com/sun/istack/istack-commons-tools/3.0.7/istack-commons-tools-3.0.7.jar:/Users/jnavarro/.m2/repository/org/apache/ant/ant/1.10.2/ant-1.10.2.jar:/Users/jnavarro/.m2/repository/org/apache/ant/ant-launcher/1.10.2/ant-launcher-1.10.2.jar:/Users/jnavarro/.m2/repository/com/sun/xml/bind/external/relaxng-datatype/2.3.1/relaxng-datatype-2.3.1.jar:/Users/jnavarro/.m2/repository/org/apache/cxf/cxf-rt-frontend-jaxws/3.3.2/cxf-rt-frontend-jaxws-3.3.2.jar:/Users/jnavarro/.m2/repository/xml-resolver/xml-resolver/1.2/xml-resolver-1.2.jar:/Users/jnavarro/.m2/repository/org/ow2/asm/asm/7.0/asm-7.0.jar:/Users/jnavarro/.m2/repository/org/apache/cxf/cxf-rt-bindings-soap/3.3.2/cxf-rt-bindings-soap-3.3.2.jar:/Users/jnavarro/.m2/repository/org/apache/cxf/cxf-rt-wsdl/3.3.2/cxf-rt-wsdl-3.3.2.jar:/Users/jnavarro/.m2/repository/wsdl4j/wsdl4j/1.6.3/wsdl4j-1.6.3.jar:/Users/jnavarro/.m2/repository/org/apache/cxf/cxf-rt-databinding-jaxb/3.3.2/cxf-rt-databinding-jaxb-3.3.2.jar:/Users/jnavarro/.m2/repository/org/apache/cxf/cxf-rt-bindings-xml/3.3.2/cxf-rt-bindings-xml-3.3.2.jar:/Users/jnavarro/.m2/repository/org/apache/cxf/cxf-rt-frontend-simple/3.3.2/cxf-rt-frontend-simple-3.3.2.jar:/Users/jnavarro/.m2/repository/org/apache/cxf/cxf-rt-ws-addr/3.3.2/cxf-rt-ws-addr-3.3.2.jar:/Users/jnavarro/.m2/repository/org/apache/cxf/cxf-rt-ws-policy/3.3.2/cxf-rt-ws-policy-3.3.2.jar:/Users/jnavarro/.m2/repository/org/apache/neethi/neethi/3.1.1/neethi-3.1.1.jar:/Users/jnavarro/.m2/repository/javax/validation/validation-api/2.0.1.Final/validation-api-2.0.1.Final.jar:/Users/jnavarro/.m2/repository/javax/annotation/javax.annotation-api/1.3.2/javax.annotation-api-1.3.2.jar:/Users/jnavarro/.m2/repository/javax/xml/ws/jaxws-api/2.3.1/jaxws-api-2.3.1.jar:/Users/jnavarro/.m2/repository/javax/xml/soap/javax.xml.soap-api/1.4.0/javax.xml.soap-api-1.4.0.jar:/Users/jnavarro/.m2/repository/com/sun/activation/javax.activation/1.2.0/javax.activation-1.2.0.jar:/Users/jnavarro/.m2/repository/org/apache/geronimo/specs/geronimo-ws-metadata_2.0_spec/1.1.3/geronimo-ws-metadata_2.0_spec-1.1.3.jar:/Users/jnavarro/.m2/repository/com/sun/xml/messaging/saaj/saaj-impl/1.5.0/saaj-impl-1.5.0.jar:/Users/jnavarro/.m2/repository/org/jacorb/jacorb-omgapi/3.7/jacorb-omgapi-3.7.jar:/Users/jnavarro/.m2/repository/org/apache/geronimo/specs/geronimo-jta_1.1_spec/1.1.1/geronimo-jta_1.1_spec-1.1.1.jar:/Users/jnavarro/.m2/repository/org/jboss/spec/javax/rmi/jboss-rmi-api_1.0_spec/1.0.6.Final/jboss-rmi-api_1.0_spec-1.0.6.Final.jar:/Users/jnavarro/.m2/repository/jakarta/xml/bind/jakarta.xml.bind-api/2.3.2/jakarta.xml.bind-api-2.3.2.jar:/Users/jnavarro/.m2/repository/jakarta/xml/ws/jakarta.xml.ws-api/2.3.2/jakarta.xml.ws-api-2.3.2.jar:/Users/jnavarro/.m2/repository/jakarta/xml/soap/jakarta.xml.soap-api/1.4.1/jakarta.xml.soap-api-1.4.1.jar:/Users/jnavarro/.m2/repository/jakarta/annotation/jakarta.annotation-api/1.3.4/jakarta.annotation-api-1.3.4.jar:/Users/jnavarro/.m2/repository/jakarta/jws/jakarta.jws-api/1.1.1/jakarta.jws-api-1.1.1.jar:/Users/jnavarro/.m2/repository/org/glassfish/jaxb/jaxb-runtime/2.3.1/jaxb-runtime-2.3.1.jar:/Users/jnavarro/.m2/repository/org/glassfish/jaxb/txw2/2.3.1/txw2-2.3.1.jar:/Users/jnavarro/.m2/repository/com/sun/istack/istack-commons-runtime/3.0.7/istack-commons-runtime-3.0.7.jar:/Users/jnavarro/.m2/repository/com/sun/xml/ws/policy/2.7.6/policy-2.7.6.jar:/Users/jnavarro/.m2/repository/org/glassfish/gmbal/gmbal/4.0.0/gmbal-4.0.0.jar:/Users/jnavarro/.m2/repository/org/glassfish/external/management-api/3.2.1/management-api-3.2.1.jar:/Users/jnavarro/.m2/repository/org/glassfish/pfl/pfl-basic/4.0.1/pfl-basic-4.0.1.jar:/Users/jnavarro/.m2/repository/org/glassfish/pfl/pfl-tf/4.0.1/pfl-tf-4.0.1.jar:/Users/jnavarro/.m2/repository/org/glassfish/pfl/pfl-asm/4.0.1/pfl-asm-4.0.1.jar:/Users/jnavarro/.m2/repository/org/glassfish/pfl/pfl-dynamic/4.0.1/pfl-dynamic-4.0.1.jar:/Users/jnavarro/.m2/repository/org/glassfish/pfl/pfl-basic-tools/4.0.1/pfl-basic-tools-4.0.1.jar:/Users/jnavarro/.m2/repository/org/glassfish/pfl/pfl-tf-tools/4.0.1/pfl-tf-tools-4.0.1.jar:/Users/jnavarro/.m2/repository/org/jvnet/staxex/stax-ex/1.8.1/stax-ex-1.8.1.jar:/Users/jnavarro/.m2/repository/com/sun/xml/stream/buffer/streambuffer/1.5.7/streambuffer-1.5.7.jar:/Users/jnavarro/.m2/repository/org/jvnet/mimepull/mimepull/1.9.11/mimepull-1.9.11.jar:/Users/jnavarro/.m2/repository/com/sun/xml/fastinfoset/FastInfoset/1.2.16/FastInfoset-1.2.16.jar:/Users/jnavarro/.m2/repository/org/glassfish/ha/ha-api/3.1.12/ha-api-3.1.12.jar:/Users/jnavarro/.m2/repository/com/fasterxml/woodstox/woodstox-core/5.1.0/woodstox-core-5.1.0.jar:/Users/jnavarro/.m2/repository/org/codehaus/woodstox/stax2-api/4.1/stax2-api-4.1.jar:/Users/jnavarro/.m2/repository/jakarta/activation/jakarta.activation-api/1.2.1/jakarta.activation-api-1.2.1.jar:/Users/jnavarro/.m2/repository/javax/activation/activation/1.1.1/activation-1.1.1.jar:/Users/jnavarro/.m2/repository/org/springframework/boot/spring-boot-starter-webflux/2.1.5.RELEASE/spring-boot-starter-webflux-2.1.5.RELEASE.jar:/Users/jnavarro/.m2/repository/org/springframework/boot/spring-boot-starter-reactor-netty/2.1.5.RELEASE/spring-boot-starter-reactor-netty-2.1.5.RELEASE.jar:/Users/jnavarro/.m2/repository/io/projectreactor/netty/reactor-netty/0.8.8.RELEASE/reactor-netty-0.8.8.RELEASE.jar:/Users/jnavarro/.m2/repository/io/netty/netty-codec-http/4.1.36.Final/netty-codec-http-4.1.36.Final.jar:/Users/jnavarro/.m2/repository/io/netty/netty-common/4.1.36.Final/netty-common-4.1.36.Final.jar:/Users/jnavarro/.m2/repository/io/netty/netty-buffer/4.1.36.Final/netty-buffer-4.1.36.Final.jar:/Users/jnavarro/.m2/repository/io/netty/netty-transport/4.1.36.Final/netty-transport-4.1.36.Final.jar:/Users/jnavarro/.m2/repository/io/netty/netty-resolver/4.1.36.Final/netty-resolver-4.1.36.Final.jar:/Users/jnavarro/.m2/repository/io/netty/netty-codec/4.1.36.Final/netty-codec-4.1.36.Final.jar:/Users/jnavarro/.m2/repository/io/netty/netty-codec-http2/4.1.36.Final/netty-codec-http2-4.1.36.Final.jar:/Users/jnavarro/.m2/repository/io/netty/netty-handler/4.1.36.Final/netty-handler-4.1.36.Final.jar:/Users/jnavarro/.m2/repository/io/netty/netty-handler-proxy/4.1.36.Final/netty-handler-proxy-4.1.36.Final.jar:/Users/jnavarro/.m2/repository/io/netty/netty-codec-socks/4.1.36.Final/netty-codec-socks-4.1.36.Final.jar:/Users/jnavarro/.m2/repository/io/netty/netty-transport-native-epoll/4.1.36.Final/netty-transport-native-epoll-4.1.36.Final-linux-x86_64.jar:/Users/jnavarro/.m2/repository/io/netty/netty-transport-native-unix-common/4.1.36.Final/netty-transport-native-unix-common-4.1.36.Final.jar:/Users/jnavarro/.m2/repository/org/glassfish/javax.el/3.0.0/javax.el-3.0.0.jar:/Users/jnavarro/.m2/repository/org/springframework/spring-webflux/5.1.7.RELEASE/spring-webflux-5.1.7.RELEASE.jar:/Users/jnavarro/.m2/repository/io/projectreactor/reactor-core/3.2.9.RELEASE/reactor-core-3.2.9.RELEASE.jar:/Users/jnavarro/.m2/repository/org/reactivestreams/reactive-streams/1.0.2/reactive-streams-1.0.2.jar:/Users/jnavarro/.m2/repository/org/synchronoss/cloud/nio-multipart-parser/1.1.0/nio-multipart-parser-1.1.0.jar:/Users/jnavarro/.m2/repository/org/synchronoss/cloud/nio-stream-storage/1.1.3/nio-stream-storage-1.1.3.jar:/Users/jnavarro/.m2/repository/org/modelmapper/modelmapper/2.3.2/modelmapper-2.3.2.jar:/Users/jnavarro/.m2/repository/org/springframework/boot/spring-boot-starter-test/2.1.5.RELEASE/spring-boot-starter-test-2.1.5.RELEASE.jar:/Users/jnavarro/.m2/repository/org/springframework/boot/spring-boot-test/2.1.5.RELEASE/spring-boot-test-2.1.5.RELEASE.jar:/Users/jnavarro/.m2/repository/org/springframework/boot/spring-boot-test-autoconfigure/2.1.5.RELEASE/spring-boot-test-autoconfigure-2.1.5.RELEASE.jar:/Users/jnavarro/.m2/repository/com/jayway/jsonpath/json-path/2.4.0/json-path-2.4.0.jar:/Users/jnavarro/.m2/repository/net/minidev/json-smart/2.3/json-smart-2.3.jar:/Users/jnavarro/.m2/repository/net/minidev/accessors-smart/1.2/accessors-smart-1.2.jar:/Users/jnavarro/.m2/repository/junit/junit/4.12/junit-4.12.jar:/Users/jnavarro/.m2/repository/org/assertj/assertj-core/3.11.1/assertj-core-3.11.1.jar:/Users/jnavarro/.m2/repository/org/mockito/mockito-core/2.23.4/mockito-core-2.23.4.jar:/Users/jnavarro/.m2/repository/net/bytebuddy/byte-buddy-agent/1.9.12/byte-buddy-agent-1.9.12.jar:/Users/jnavarro/.m2/repository/org/objenesis/objenesis/2.6/objenesis-2.6.jar:/Users/jnavarro/.m2/repository/org/hamcrest/hamcrest-core/1.3/hamcrest-core-1.3.jar:/Users/jnavarro/.m2/repository/org/hamcrest/hamcrest-library/1.3/hamcrest-library-1.3.jar:/Users/jnavarro/.m2/repository/org/skyscreamer/jsonassert/1.5.0/jsonassert-1.5.0.jar:/Users/jnavarro/.m2/repository/com/vaadin/external/google/android-json/0.0.20131108.vaadin1/android-json-0.0.20131108.vaadin1.jar:/Users/jnavarro/.m2/repository/org/springframework/spring-core/5.1.7.RELEASE/spring-core-5.1.7.RELEASE.jar:/Users/jnavarro/.m2/repository/org/springframework/spring-jcl/5.1.7.RELEASE/spring-jcl-5.1.7.RELEASE.jar:/Users/jnavarro/.m2/repository/org/springframework/spring-test/5.1.7.RELEASE/spring-test-5.1.7.RELEASE.jar:/Users/jnavarro/.m2/repository/org/xmlunit/xmlunit-core/2.6.2/xmlunit-core-2.6.2.jar:/Users/jnavarro/.m2/repository/io/springfox/springfox-swagger-ui/2.9.2/springfox-swagger-ui-2.9.2.jar:/Users/jnavarro/.m2/repository/io/springfox/springfox-spring-web/2.9.2/springfox-spring-web-2.9.2.jar:/Users/jnavarro/.m2/repository/io/springfox/springfox-swagger2/2.9.2/springfox-swagger2-2.9.2.jar:/Users/jnavarro/.m2/repository/io/swagger/swagger-annotations/1.5.20/swagger-annotations-1.5.20.jar:/Users/jnavarro/.m2/repository/io/swagger/swagger-models/1.5.20/swagger-models-1.5.20.jar:/Users/jnavarro/.m2/repository/com/fasterxml/jackson/core/jackson-annotations/2.9.0/jackson-annotations-2.9.0.jar:/Users/jnavarro/.m2/repository/io/springfox/springfox-spi/2.9.2/springfox-spi-2.9.2.jar:/Users/jnavarro/.m2/repository/io/springfox/springfox-core/2.9.2/springfox-core-2.9.2.jar:/Users/jnavarro/.m2/repository/io/springfox/springfox-schema/2.9.2/springfox-schema-2.9.2.jar:/Users/jnavarro/.m2/repository/io/springfox/springfox-swagger-common/2.9.2/springfox-swagger-common-2.9.2.jar:/Users/jnavarro/.m2/repository/com/google/guava/guava/20.0/guava-20.0.jar:/Users/jnavarro/.m2/repository/com/fasterxml/classmate/1.4.0/classmate-1.4.0.jar:/Users/jnavarro/.m2/repository/org/slf4j/slf4j-api/1.7.26/slf4j-api-1.7.26.jar:/Users/jnavarro/.m2/repository/org/springframework/plugin/spring-plugin-metadata/1.2.0.RELEASE/spring-plugin-metadata-1.2.0.RELEASE.jar:/Users/jnavarro/.m2/repository/org/mapstruct/mapstruct/1.2.0.Final/mapstruct-1.2.0.Final.jar:"/>
    <property name="sun.cpu.endian" value="little"/>
    <property name="user.home" value="/Users/jnavarro"/>
    <property name="user.language" value="en"/>
    <property name="java.specification.vendor" value="Oracle Corporation"/>
    <property name="java.version.date" value="2024-07-16"/>
    <property name="java.home" value="/usr/local/Cellar/openjdk/22.0.2/libexec/openjdk.jdk/Contents/Home"/>
    <property name="file.separator" value="/"/>
    <property name="basedir" value="/Users/jnavarro/Downloads/carWebsiteServerBackend/vehicles-api"/>
    <property name="java.vm.compressedOopsMode" value="Zero based"/>
    <property name="line.separator" value="&#10;"/>
    <property name="java.vm.specification.vendor" value="Oracle Corporation"/>
    <property name="java.specification.name" value="Java Platform API Specification"/>
    <property name="apple.awt.application.name" value="ForkedBooter"/>
    <property name="surefire.real.class.path" value="/Users/jnavarro/Downloads/carWebsiteServerBackend/vehicles-api/target/surefire/surefirebooter12198071153698978514.jar"/>
    <property name="sun.management.compiler" value="HotSpot 64-Bit Tiered Compilers"/>
    <property name="ftp.nonProxyHosts" value="local|*.local|169.254/16|*.169.254/16"/>
    <property name="java.runtime.version" value="22.0.2"/>
    <property name="user.name" value="jnavarro"/>
    <property name="stdout.encoding" value="UTF-8"/>
    <property name="path.separator" value=":"/>
    <property name="os.version" value="13.6.7"/>
    <property name="java.runtime.name" value="OpenJDK Runtime Environment"/>
    <property name="file.encoding" value="UTF-8"/>
    <property name="java.vm.name" value="OpenJDK 64-Bit Server VM"/>
    <property name="java.vendor.version" value="Homebrew"/>
    <property name="localRepository" value="/Users/jnavarro/.m2/repository"/>
    <property name="java.vendor.url.bug" value="https://github.com/Homebrew/homebrew-core/issues"/>
    <property name="java.io.tmpdir" value="/var/folders/c2/fqkth1293q5gspt13nqr269c0000gn/T/"/>
    <property name="java.version" value="22.0.2"/>
    <property name="user.dir" value="/Users/jnavarro/Downloads/carWebsiteServerBackend/vehicles-api"/>
    <property name="os.arch" value="x86_64"/>
    <property name="java.vm.specification.name" value="Java Virtual Machine Specification"/>
    <property name="native.encoding" value="UTF-8"/>
    <property name="java.library.path" value="/Users/jnavarro/Library/Java/Extensions:/Library/Java/Extensions:/Network/Library/Java/Extensions:/System/Library/Java/Extensions:/usr/lib/java:."/>
    <property name="java.vm.info" value="mixed mode, sharing"/>
    <property name="stderr.encoding" value="UTF-8"/>
    <property name="java.vendor" value="Homebrew"/>
    <property name="java.vm.version" value="22.0.2"/>
    <property name="sun.io.unicode.encoding" value="UnicodeBig"/>
    <property name="socksNonProxyHosts" value="local|*.local|169.254/16|*.169.254/16"/>
    <property name="java.class.version" value="66.0"/>
  </properties>
  <testcase name="contextLoads" classname="com.udacity.vehicles.VehiclesApiApplicationTests" time="0.116"/>
</testsuite>